<?xml version="1.0" encoding="UTF-8"?>
<!-- Generated by org.testng.reporters.JUnitReportReporter -->
<testsuite skipped="0" hostname="personal" name="tests.ScriptCore" tests="1" failures="0" timestamp="04 may 2018 06:37:38 GMT" time="44.130" errors="0">
  <testcase name="test1" time="44.130" classname="tests.ScriptCore"/>
</testsuite> <!-- tests.ScriptCore -->
